<?xml version="1.0" encoding="UTF-8"?>
<!-- Generated by org.testng.reporters.JUnitXMLReporter -->
<testsuite ignored="0" hostname="DESKTOP-36TQ139" failures="1" tests="5" name="Firefox" time="415.484" errors="0" timestamp="2024-02-01T13:45:10 EET">
  <testcase classname="com.google.tests.N_0001_SearchResultsClickingSearchButtonUnderSearchFieldTest" name="searchResultsClickingSearchButtonUnderSearchField" time="3.54"/>
  <testcase classname="com.google.tests.N_0002_SearchResultsClickingSearchButtonOnDropDownMenuTest" name="searchResultsClickingSearchButtonOnDropDownMenu" time="3.051"/>
  <testcase classname="com.google.tests.N_0003_SearchResultsClickingEnterButtonTest" name="searchResultsClickingEnterButton" time="2.744"/>
  <testcase classname="com.google.tests.N_0004_ClickSearchButtonWhenSearchFieldIsEmptyTest" name="clickSearchButtonWhenSearchFieldIsEmpty" time="0.997"/>
  <testcase classname="com.google.tests.N_0005_CountSearchResultTest" name="countSearchResult" time="387.774">
    <failure type="java.lang.AssertionError" message="expected [247] but found [225]">
      <![CDATA[java.lang.AssertionError: expected [247] but found [225]
at com.google.actionHelpers.CountSearchResult.countAndEqualsSearchResults(CountSearchResult.java:24)
at com.google.tests.N_0005_CountSearchResultTest.countSearchResult(N_0005_CountSearchResultTest.java:35)
at java.base/java.util.ArrayList.forEach(ArrayList.java:1596)
at java.base/java.util.concurrent.FutureTask.run(FutureTask.java:317)
at java.base/java.util.concurrent.ThreadPoolExecutor.runWorker(ThreadPoolExecutor.java:1144)
at java.base/java.util.concurrent.ThreadPoolExecutor$Worker.run(ThreadPoolExecutor.java:642)
at java.base/java.lang.Thread.run(Thread.java:1583)
... Removed 22 stack frames]]>
    </failure>
  </testcase> <!-- countSearchResult -->
</testsuite> <!-- Firefox -->
