<!DOCTYPE html PUBLIC "-//W3C//DTD XHTML 1.1//EN" "https://www.w3.org/TR/xhtml11/DTD/xhtml11.dtd">
<html xmlns="https://www.w3.org/1999/xhtml">
<head>
<meta http-equiv="content-type" content="text/html; charset=UTF-8"/>
<title>TestNG Report</title>
<style type="text/css">table {margin-bottom:10px;border-collapse:collapse;empty-cells:show}th,td {border:1px solid #009;padding:.25em .5em}th {vertical-align:bottom}td {vertical-align:top}table a {font-weight:bold}.stripe td {background-color: #E6EBF9}.num {text-align:right}.passedodd td {background-color: #3F3}.passedeven td {background-color: #0A0}.skippedodd td {background-color: #DDD}.skippedeven td {background-color: #CCC}.failedodd td,.attn {background-color: #F33}.failedeven td,.stripe .attn {background-color: #D00}.stacktrace {white-space:pre;font-family:monospace}.totop {font-size:85%;text-align:center;border-bottom:2px solid #000}.invisible {display:none}</style>
</head>
<body>
<table>
<tr><th>Test</th><th># Passed</th><th># Skipped</th><th># Retried</th><th># Failed</th><th>Time (ms)</th><th>Included Groups</th><th>Excluded Groups</th></tr>
<tr><th colspan="8">Smoke Tests Run</th></tr>
<tr><td><a href="#t0"> [Google Chrome 121.0]</a></td><td class="num">4</td><td class="num">0</td><td class="num">0</td><td class="num attn">1</td><td class="num">388,065</td><td></td><td></td></tr>
<tr class="stripe"><td><a href="#t1"> [Firefox 122.0]</a></td><td class="num">4</td><td class="num">0</td><td class="num">0</td><td class="num attn">1</td><td class="num">407,035</td><td></td><td></td></tr>
<tr><th>Total</th><th class="num">8</th><th class="num">0</th><th class="num">0</th><th class="num attn">2</th><th class="num">795,100</th><th colspan="2"></th></tr>
</table>
<table id='summary'><thead><tr><th>Class</th><th>Method</th><th>Start</th><th>Time (ms)</th></tr></thead><tbody><tr><th colspan="4">Smoke Tests Run</th></tr></tbody><tbody id="t0"><tr><th colspan="4"> [Google Chrome 121.0] &#8212; failed</th></tr><tr class="failedeven"><td rowspan="1">com.google.tests.N_0005_CountSearchResultTest</td><td><a href="#m0">countSearchResult</a></td><td rowspan="1">1707050030462</td><td rowspan="1">365405</td></tr><tr><th colspan="4"> [Google Chrome 121.0] &#8212; passed</th></tr><tr class="passedeven"><td rowspan="1">com.google.tests.N_0001_SearchResultsClickingSearchButtonUnderSearchFieldTest</td><td><a href="#m1">searchResultsClickingSearchButtonUnderSearchField</a></td><td rowspan="1">1707050011584</td><td rowspan="1">3132</td></tr><tr class="passedodd"><td rowspan="1">com.google.tests.N_0002_SearchResultsClickingSearchButtonOnDropDownMenuTest</td><td><a href="#m2">searchResultsClickingSearchButtonOnDropDownMenu</a></td><td rowspan="1">1707050017101</td><td rowspan="1">3540</td></tr><tr class="passedeven"><td rowspan="1">com.google.tests.N_0003_SearchResultsClickingEnterButtonTest</td><td><a href="#m3">searchResultsClickingEnterButton</a></td><td rowspan="1">1707050022206</td><td rowspan="1">2879</td></tr><tr class="passedodd"><td rowspan="1">com.google.tests.N_0004_ClickSearchButtonWhenSearchFieldIsEmptyTest</td><td><a href="#m4">clickSearchButtonWhenSearchFieldIsEmpty</a></td><td rowspan="1">1707050027674</td><td rowspan="1">875</td></tr></tbody>
<tbody id="t1"><tr><th colspan="4"> [Firefox 122.0] &#8212; failed</th></tr><tr class="failedeven"><td rowspan="1">com.google.tests.N_0005_CountSearchResultTest</td><td><a href="#m5">countSearchResult</a></td><td rowspan="1">1707050042911</td><td rowspan="1">371690</td></tr><tr><th colspan="4"> [Firefox 122.0] &#8212; passed</th></tr><tr class="passedeven"><td rowspan="1">com.google.tests.N_0001_SearchResultsClickingSearchButtonUnderSearchFieldTest</td><td><a href="#m6">searchResultsClickingSearchButtonUnderSearchField</a></td><td rowspan="1">1707050013561</td><td rowspan="1">2976</td></tr><tr class="passedodd"><td rowspan="1">com.google.tests.N_0002_SearchResultsClickingSearchButtonOnDropDownMenuTest</td><td><a href="#m7">searchResultsClickingSearchButtonOnDropDownMenu</a></td><td rowspan="1">1707050021620</td><td rowspan="1">2999</td></tr><tr class="passedeven"><td rowspan="1">com.google.tests.N_0003_SearchResultsClickingEnterButtonTest</td><td><a href="#m8">searchResultsClickingEnterButton</a></td><td rowspan="1">1707050030558</td><td rowspan="1">2668</td></tr><tr class="passedodd"><td rowspan="1">com.google.tests.N_0004_ClickSearchButtonWhenSearchFieldIsEmptyTest</td><td><a href="#m9">clickSearchButtonWhenSearchFieldIsEmpty</a></td><td rowspan="1">1707050038355</td><td rowspan="1">1063</td></tr></tbody>
</table>
<h2> [Google Chrome 121.0]</h2><h3 id="m0">com.google.tests.N_0005_CountSearchResultTest#countSearchResult</h3><table class="result"><tr><th>Exception</th></tr><tr><td><div class="stacktrace">java.lang.AssertionError: expected [237] but found [215]
	at com.google.actionHelpers.CountSearchResult.countAndEqualsSearchResults(CountSearchResult.java:24)
	at com.google.tests.N_0005_CountSearchResultTest.countSearchResult(N_0005_CountSearchResultTest.java:35)
	at java.base/java.util.ArrayList.forEach(ArrayList.java:1596)
	at java.base/java.util.concurrent.FutureTask.run(FutureTask.java:317)
	at java.base/java.util.concurrent.ThreadPoolExecutor.runWorker(ThreadPoolExecutor.java:1144)
	at java.base/java.util.concurrent.ThreadPoolExecutor$Worker.run(ThreadPoolExecutor.java:642)
	at java.base/java.lang.Thread.run(Thread.java:1583)
... Removed 22 stack frames</div></td></tr></table><p class="totop"><a href="#summary">back to summary</a></p>
<h3 id="m1">com.google.tests.N_0001_SearchResultsClickingSearchButtonUnderSearchFieldTest#searchResultsClickingSearchButtonUnderSearchField</h3><table class="result"><tr><th class="invisible"/></tr></table><p class="totop"><a href="#summary">back to summary</a></p>
<h3 id="m2">com.google.tests.N_0002_SearchResultsClickingSearchButtonOnDropDownMenuTest#searchResultsClickingSearchButtonOnDropDownMenu</h3><table class="result"><tr><th class="invisible"/></tr></table><p class="totop"><a href="#summary">back to summary</a></p>
<h3 id="m3">com.google.tests.N_0003_SearchResultsClickingEnterButtonTest#searchResultsClickingEnterButton</h3><table class="result"><tr><th class="invisible"/></tr></table><p class="totop"><a href="#summary">back to summary</a></p>
<h3 id="m4">com.google.tests.N_0004_ClickSearchButtonWhenSearchFieldIsEmptyTest#clickSearchButtonWhenSearchFieldIsEmpty</h3><table class="result"><tr><th class="invisible"/></tr></table><p class="totop"><a href="#summary">back to summary</a></p>
<h2> [Firefox 122.0]</h2><h3 id="m5">com.google.tests.N_0005_CountSearchResultTest#countSearchResult</h3><table class="result"><tr><th>Exception</th></tr><tr><td><div class="stacktrace">java.lang.AssertionError: expected [237] but found [216]
	at com.google.actionHelpers.CountSearchResult.countAndEqualsSearchResults(CountSearchResult.java:24)
	at com.google.tests.N_0005_CountSearchResultTest.countSearchResult(N_0005_CountSearchResultTest.java:35)
	at java.base/java.util.ArrayList.forEach(ArrayList.java:1596)
	at java.base/java.util.concurrent.FutureTask.run(FutureTask.java:317)
	at java.base/java.util.concurrent.ThreadPoolExecutor.runWorker(ThreadPoolExecutor.java:1144)
	at java.base/java.util.concurrent.ThreadPoolExecutor$Worker.run(ThreadPoolExecutor.java:642)
	at java.base/java.lang.Thread.run(Thread.java:1583)
... Removed 22 stack frames</div></td></tr></table><p class="totop"><a href="#summary">back to summary</a></p>
<h3 id="m6">com.google.tests.N_0001_SearchResultsClickingSearchButtonUnderSearchFieldTest#searchResultsClickingSearchButtonUnderSearchField</h3><table class="result"><tr><th class="invisible"/></tr></table><p class="totop"><a href="#summary">back to summary</a></p>
<h3 id="m7">com.google.tests.N_0002_SearchResultsClickingSearchButtonOnDropDownMenuTest#searchResultsClickingSearchButtonOnDropDownMenu</h3><table class="result"><tr><th class="invisible"/></tr></table><p class="totop"><a href="#summary">back to summary</a></p>
<h3 id="m8">com.google.tests.N_0003_SearchResultsClickingEnterButtonTest#searchResultsClickingEnterButton</h3><table class="result"><tr><th class="invisible"/></tr></table><p class="totop"><a href="#summary">back to summary</a></p>
<h3 id="m9">com.google.tests.N_0004_ClickSearchButtonWhenSearchFieldIsEmptyTest#clickSearchButtonWhenSearchFieldIsEmpty</h3><table class="result"><tr><th class="invisible"/></tr></table><p class="totop"><a href="#summary">back to summary</a></p>
</body>
</html>
