<?xml version="1.0" encoding="UTF-8"?>
<testng-results ignored="0" total="10" passed="8" failed="2" skipped="0">
  <reporter-output>
  </reporter-output>
  <suite started-at="2024-02-04T14:33:28 EET" name="Smoke Tests Run" finished-at="2024-02-04T14:40:15 EET" duration-ms="407035">
    <groups>
    </groups>
    <test started-at="2024-02-04T14:33:28 EET" name=" [Google Chrome 121.0]" finished-at="2024-02-04T14:39:56 EET" duration-ms="388065">
      <class name="com.google.tests.N_0003_SearchResultsClickingEnterButtonTest">
        <test-method is-config="true" signature="setUpDriver(java.lang.String,java.lang.String)[pri:0, instance:com.google.tests.N_0003_SearchResultsClickingEnterButtonTest@35ff8fc9]" started-at="2024-02-04T14:33:40 EET" name="setUpDriver" finished-at="2024-02-04T14:33:42 EET" duration-ms="1458" status="PASS">
          <params>
            <param index="0">
              <value>
                <![CDATA[chrome]]>
              </value>
            </param>
            <param index="1">
              <value>
                <![CDATA[121.0]]>
              </value>
            </param>
          </params>
          <reporter-output>
          </reporter-output>
        </test-method> <!-- setUpDriver -->
        <test-method signature="searchResultsClickingEnterButton()[pri:0, instance:com.google.tests.N_0003_SearchResultsClickingEnterButtonTest@35ff8fc9]" started-at="2024-02-04T14:33:42 EET" name="searchResultsClickingEnterButton" finished-at="2024-02-04T14:33:45 EET" duration-ms="2879" status="PASS">
          <reporter-output>
          </reporter-output>
        </test-method> <!-- searchResultsClickingEnterButton -->
        <test-method is-config="true" signature="tearDownDriver()[pri:0, instance:com.google.tests.N_0003_SearchResultsClickingEnterButtonTest@35ff8fc9]" started-at="2024-02-04T14:33:45 EET" name="tearDownDriver" finished-at="2024-02-04T14:33:45 EET" duration-ms="106" status="PASS">
          <reporter-output>
          </reporter-output>
        </test-method> <!-- tearDownDriver -->
      </class> <!-- com.google.tests.N_0003_SearchResultsClickingEnterButtonTest -->
      <class name="com.google.tests.N_0005_CountSearchResultTest">
        <test-method is-config="true" signature="setUpDriver(java.lang.String,java.lang.String)[pri:0, instance:com.google.tests.N_0005_CountSearchResultTest@476a736d]" started-at="2024-02-04T14:33:48 EET" name="setUpDriver" finished-at="2024-02-04T14:33:50 EET" duration-ms="1857" status="PASS">
          <params>
            <param index="0">
              <value>
                <![CDATA[chrome]]>
              </value>
            </param>
            <param index="1">
              <value>
                <![CDATA[121.0]]>
              </value>
            </param>
          </params>
          <reporter-output>
          </reporter-output>
        </test-method> <!-- setUpDriver -->
        <test-method signature="countSearchResult()[pri:0, instance:com.google.tests.N_0005_CountSearchResultTest@476a736d]" started-at="2024-02-04T14:33:50 EET" name="countSearchResult" finished-at="2024-02-04T14:39:55 EET" duration-ms="365405" status="FAIL">
          <exception class="java.lang.AssertionError">
            <message>
              <![CDATA[expected [237] but found [215]]]>
            </message>
            <full-stacktrace>
              <![CDATA[java.lang.AssertionError: expected [237] but found [215]
at org.testng.Assert.fail(Assert.java:110)
at org.testng.Assert.failNotEquals(Assert.java:1577)
at org.testng.Assert.assertEqualsImpl(Assert.java:149)
at org.testng.Assert.assertEquals(Assert.java:131)
at org.testng.Assert.assertEquals(Assert.java:1418)
at org.testng.Assert.assertEquals(Assert.java:1382)
at org.testng.Assert.assertEquals(Assert.java:1428)
at com.google.actionHelpers.CountSearchResult.countAndEqualsSearchResults(CountSearchResult.java:24)
at com.google.tests.N_0005_CountSearchResultTest.countSearchResult(N_0005_CountSearchResultTest.java:35)
at java.base/jdk.internal.reflect.DirectMethodHandleAccessor.invoke(DirectMethodHandleAccessor.java:103)
at java.base/java.lang.reflect.Method.invoke(Method.java:580)
at org.testng.internal.invokers.MethodInvocationHelper.invokeMethod(MethodInvocationHelper.java:139)
at org.testng.internal.invokers.TestInvoker.invokeMethod(TestInvoker.java:677)
at org.testng.internal.invokers.TestInvoker.invokeTestMethod(TestInvoker.java:221)
at org.testng.internal.invokers.MethodRunner.runInSequence(MethodRunner.java:50)
at org.testng.internal.invokers.TestInvoker$MethodInvocationAgent.invoke(TestInvoker.java:969)
at org.testng.internal.invokers.TestInvoker.invokeTestMethods(TestInvoker.java:194)
at org.testng.internal.invokers.TestMethodWorker.invokeTestMethods(TestMethodWorker.java:148)
at org.testng.internal.invokers.TestMethodWorker.run(TestMethodWorker.java:128)
at java.base/java.util.ArrayList.forEach(ArrayList.java:1596)
at org.testng.TestRunner.privateRun(TestRunner.java:829)
at org.testng.TestRunner.run(TestRunner.java:602)
at org.testng.SuiteRunner.runTest(SuiteRunner.java:437)
at org.testng.SuiteRunner$SuiteWorker.run(SuiteRunner.java:475)
at org.testng.internal.thread.ThreadUtil.lambda$execute$0(ThreadUtil.java:58)
at java.base/java.util.concurrent.FutureTask.run(FutureTask.java:317)
at java.base/java.util.concurrent.ThreadPoolExecutor.runWorker(ThreadPoolExecutor.java:1144)
at java.base/java.util.concurrent.ThreadPoolExecutor$Worker.run(ThreadPoolExecutor.java:642)
at java.base/java.lang.Thread.run(Thread.java:1583)
]]>
            </full-stacktrace>
          </exception> <!-- java.lang.AssertionError -->
          <reporter-output>
          </reporter-output>
        </test-method> <!-- countSearchResult -->
        <test-method is-config="true" signature="tearDownDriver()[pri:0, instance:com.google.tests.N_0005_CountSearchResultTest@476a736d]" started-at="2024-02-04T14:39:56 EET" name="tearDownDriver" finished-at="2024-02-04T14:39:56 EET" duration-ms="63" status="PASS">
          <reporter-output>
          </reporter-output>
        </test-method> <!-- tearDownDriver -->
      </class> <!-- com.google.tests.N_0005_CountSearchResultTest -->
      <class name="com.google.tests.N_0001_SearchResultsClickingSearchButtonUnderSearchFieldTest">
        <test-method is-config="true" signature="setUpDriver(java.lang.String,java.lang.String)[pri:0, instance:com.google.tests.N_0001_SearchResultsClickingSearchButtonUnderSearchFieldTest@74ad8d05]" started-at="2024-02-04T14:33:28 EET" name="setUpDriver" finished-at="2024-02-04T14:33:31 EET" duration-ms="3474" status="PASS">
          <params>
            <param index="0">
              <value>
                <![CDATA[chrome]]>
              </value>
            </param>
            <param index="1">
              <value>
                <![CDATA[121.0]]>
              </value>
            </param>
          </params>
          <reporter-output>
          </reporter-output>
        </test-method> <!-- setUpDriver -->
        <test-method signature="searchResultsClickingSearchButtonUnderSearchField()[pri:0, instance:com.google.tests.N_0001_SearchResultsClickingSearchButtonUnderSearchFieldTest@74ad8d05]" started-at="2024-02-04T14:33:31 EET" name="searchResultsClickingSearchButtonUnderSearchField" finished-at="2024-02-04T14:33:34 EET" duration-ms="3132" status="PASS">
          <reporter-output>
          </reporter-output>
        </test-method> <!-- searchResultsClickingSearchButtonUnderSearchField -->
        <test-method is-config="true" signature="tearDownDriver()[pri:0, instance:com.google.tests.N_0001_SearchResultsClickingSearchButtonUnderSearchFieldTest@74ad8d05]" started-at="2024-02-04T14:33:34 EET" name="tearDownDriver" finished-at="2024-02-04T14:33:34 EET" duration-ms="60" status="PASS">
          <reporter-output>
          </reporter-output>
        </test-method> <!-- tearDownDriver -->
      </class> <!-- com.google.tests.N_0001_SearchResultsClickingSearchButtonUnderSearchFieldTest -->
      <class name="com.google.tests.N_0002_SearchResultsClickingSearchButtonOnDropDownMenuTest">
        <test-method is-config="true" signature="setUpDriver(java.lang.String,java.lang.String)[pri:0, instance:com.google.tests.N_0002_SearchResultsClickingSearchButtonOnDropDownMenuTest@676ff3b0]" started-at="2024-02-04T14:33:34 EET" name="setUpDriver" finished-at="2024-02-04T14:33:37 EET" duration-ms="2237" status="PASS">
          <params>
            <param index="0">
              <value>
                <![CDATA[chrome]]>
              </value>
            </param>
            <param index="1">
              <value>
                <![CDATA[121.0]]>
              </value>
            </param>
          </params>
          <reporter-output>
          </reporter-output>
        </test-method> <!-- setUpDriver -->
        <test-method signature="searchResultsClickingSearchButtonOnDropDownMenu()[pri:0, instance:com.google.tests.N_0002_SearchResultsClickingSearchButtonOnDropDownMenuTest@676ff3b0]" started-at="2024-02-04T14:33:37 EET" name="searchResultsClickingSearchButtonOnDropDownMenu" finished-at="2024-02-04T14:33:40 EET" duration-ms="3540" status="PASS">
          <reporter-output>
          </reporter-output>
        </test-method> <!-- searchResultsClickingSearchButtonOnDropDownMenu -->
        <test-method is-config="true" signature="tearDownDriver()[pri:0, instance:com.google.tests.N_0002_SearchResultsClickingSearchButtonOnDropDownMenuTest@676ff3b0]" started-at="2024-02-04T14:33:40 EET" name="tearDownDriver" finished-at="2024-02-04T14:33:40 EET" duration-ms="104" status="PASS">
          <reporter-output>
          </reporter-output>
        </test-method> <!-- tearDownDriver -->
      </class> <!-- com.google.tests.N_0002_SearchResultsClickingSearchButtonOnDropDownMenuTest -->
      <class name="com.google.tests.N_0004_ClickSearchButtonWhenSearchFieldIsEmptyTest">
        <test-method is-config="true" signature="setUpDriver(java.lang.String,java.lang.String)[pri:0, instance:com.google.tests.N_0004_ClickSearchButtonWhenSearchFieldIsEmptyTest@5fb7183b]" started-at="2024-02-04T14:33:45 EET" name="setUpDriver" finished-at="2024-02-04T14:33:47 EET" duration-ms="2479" status="PASS">
          <params>
            <param index="0">
              <value>
                <![CDATA[chrome]]>
              </value>
            </param>
            <param index="1">
              <value>
                <![CDATA[121.0]]>
              </value>
            </param>
          </params>
          <reporter-output>
          </reporter-output>
        </test-method> <!-- setUpDriver -->
        <test-method signature="clickSearchButtonWhenSearchFieldIsEmpty()[pri:0, instance:com.google.tests.N_0004_ClickSearchButtonWhenSearchFieldIsEmptyTest@5fb7183b]" started-at="2024-02-04T14:33:47 EET" name="clickSearchButtonWhenSearchFieldIsEmpty" finished-at="2024-02-04T14:33:48 EET" duration-ms="875" status="PASS">
          <reporter-output>
          </reporter-output>
        </test-method> <!-- clickSearchButtonWhenSearchFieldIsEmpty -->
        <test-method is-config="true" signature="tearDownDriver()[pri:0, instance:com.google.tests.N_0004_ClickSearchButtonWhenSearchFieldIsEmptyTest@5fb7183b]" started-at="2024-02-04T14:33:48 EET" name="tearDownDriver" finished-at="2024-02-04T14:33:48 EET" duration-ms="55" status="PASS">
          <reporter-output>
          </reporter-output>
        </test-method> <!-- tearDownDriver -->
      </class> <!-- com.google.tests.N_0004_ClickSearchButtonWhenSearchFieldIsEmptyTest -->
    </test> <!--  [Google Chrome 121.0] -->
    <test started-at="2024-02-04T14:33:28 EET" name=" [Firefox 122.0]" finished-at="2024-02-04T14:40:15 EET" duration-ms="407035">
      <class name="com.google.tests.N_0003_SearchResultsClickingEnterButtonTest">
        <test-method is-config="true" signature="setUpDriver(java.lang.String,java.lang.String)[pri:0, instance:com.google.tests.N_0003_SearchResultsClickingEnterButtonTest@127f9161]" started-at="2024-02-04T14:33:45 EET" name="setUpDriver" finished-at="2024-02-04T14:33:50 EET" duration-ms="5128" status="PASS">
          <params>
            <param index="0">
              <value>
                <![CDATA[firefox]]>
              </value>
            </param>
            <param index="1">
              <value>
                <![CDATA[122.0]]>
              </value>
            </param>
          </params>
          <reporter-output>
          </reporter-output>
        </test-method> <!-- setUpDriver -->
        <test-method signature="searchResultsClickingEnterButton()[pri:0, instance:com.google.tests.N_0003_SearchResultsClickingEnterButtonTest@127f9161]" started-at="2024-02-04T14:33:50 EET" name="searchResultsClickingEnterButton" finished-at="2024-02-04T14:33:53 EET" duration-ms="2668" status="PASS">
          <reporter-output>
          </reporter-output>
        </test-method> <!-- searchResultsClickingEnterButton -->
        <test-method is-config="true" signature="tearDownDriver()[pri:0, instance:com.google.tests.N_0003_SearchResultsClickingEnterButtonTest@127f9161]" started-at="2024-02-04T14:33:53 EET" name="tearDownDriver" finished-at="2024-02-04T14:33:54 EET" duration-ms="1065" status="PASS">
          <reporter-output>
          </reporter-output>
        </test-method> <!-- tearDownDriver -->
      </class> <!-- com.google.tests.N_0003_SearchResultsClickingEnterButtonTest -->
      <class name="com.google.tests.N_0005_CountSearchResultTest">
        <test-method is-config="true" signature="setUpDriver(java.lang.String,java.lang.String)[pri:0, instance:com.google.tests.N_0005_CountSearchResultTest@2532b351]" started-at="2024-02-04T14:34:00 EET" name="setUpDriver" finished-at="2024-02-04T14:34:02 EET" duration-ms="2860" status="PASS">
          <params>
            <param index="0">
              <value>
                <![CDATA[firefox]]>
              </value>
            </param>
            <param index="1">
              <value>
                <![CDATA[122.0]]>
              </value>
            </param>
          </params>
          <reporter-output>
          </reporter-output>
        </test-method> <!-- setUpDriver -->
        <test-method signature="countSearchResult()[pri:0, instance:com.google.tests.N_0005_CountSearchResultTest@2532b351]" started-at="2024-02-04T14:34:02 EET" name="countSearchResult" finished-at="2024-02-04T14:40:14 EET" duration-ms="371690" status="FAIL">
          <exception class="java.lang.AssertionError">
            <message>
              <![CDATA[expected [237] but found [216]]]>
            </message>
            <full-stacktrace>
              <![CDATA[java.lang.AssertionError: expected [237] but found [216]
at org.testng.Assert.fail(Assert.java:110)
at org.testng.Assert.failNotEquals(Assert.java:1577)
at org.testng.Assert.assertEqualsImpl(Assert.java:149)
at org.testng.Assert.assertEquals(Assert.java:131)
at org.testng.Assert.assertEquals(Assert.java:1418)
at org.testng.Assert.assertEquals(Assert.java:1382)
at org.testng.Assert.assertEquals(Assert.java:1428)
at com.google.actionHelpers.CountSearchResult.countAndEqualsSearchResults(CountSearchResult.java:24)
at com.google.tests.N_0005_CountSearchResultTest.countSearchResult(N_0005_CountSearchResultTest.java:35)
at java.base/jdk.internal.reflect.DirectMethodHandleAccessor.invoke(DirectMethodHandleAccessor.java:103)
at java.base/java.lang.reflect.Method.invoke(Method.java:580)
at org.testng.internal.invokers.MethodInvocationHelper.invokeMethod(MethodInvocationHelper.java:139)
at org.testng.internal.invokers.TestInvoker.invokeMethod(TestInvoker.java:677)
at org.testng.internal.invokers.TestInvoker.invokeTestMethod(TestInvoker.java:221)
at org.testng.internal.invokers.MethodRunner.runInSequence(MethodRunner.java:50)
at org.testng.internal.invokers.TestInvoker$MethodInvocationAgent.invoke(TestInvoker.java:969)
at org.testng.internal.invokers.TestInvoker.invokeTestMethods(TestInvoker.java:194)
at org.testng.internal.invokers.TestMethodWorker.invokeTestMethods(TestMethodWorker.java:148)
at org.testng.internal.invokers.TestMethodWorker.run(TestMethodWorker.java:128)
at java.base/java.util.ArrayList.forEach(ArrayList.java:1596)
at org.testng.TestRunner.privateRun(TestRunner.java:829)
at org.testng.TestRunner.run(TestRunner.java:602)
at org.testng.SuiteRunner.runTest(SuiteRunner.java:437)
at org.testng.SuiteRunner$SuiteWorker.run(SuiteRunner.java:475)
at org.testng.internal.thread.ThreadUtil.lambda$execute$0(ThreadUtil.java:58)
at java.base/java.util.concurrent.FutureTask.run(FutureTask.java:317)
at java.base/java.util.concurrent.ThreadPoolExecutor.runWorker(ThreadPoolExecutor.java:1144)
at java.base/java.util.concurrent.ThreadPoolExecutor$Worker.run(ThreadPoolExecutor.java:642)
at java.base/java.lang.Thread.run(Thread.java:1583)
]]>
            </full-stacktrace>
          </exception> <!-- java.lang.AssertionError -->
          <reporter-output>
          </reporter-output>
        </test-method> <!-- countSearchResult -->
        <test-method is-config="true" signature="tearDownDriver()[pri:0, instance:com.google.tests.N_0005_CountSearchResultTest@2532b351]" started-at="2024-02-04T14:40:14 EET" name="tearDownDriver" finished-at="2024-02-04T14:40:15 EET" duration-ms="345" status="PASS">
          <reporter-output>
          </reporter-output>
        </test-method> <!-- tearDownDriver -->
      </class> <!-- com.google.tests.N_0005_CountSearchResultTest -->
      <class name="com.google.tests.N_0001_SearchResultsClickingSearchButtonUnderSearchFieldTest">
        <test-method is-config="true" signature="setUpDriver(java.lang.String,java.lang.String)[pri:0, instance:com.google.tests.N_0001_SearchResultsClickingSearchButtonUnderSearchFieldTest@67403656]" started-at="2024-02-04T14:33:28 EET" name="setUpDriver" finished-at="2024-02-04T14:33:33 EET" duration-ms="5458" status="PASS">
          <params>
            <param index="0">
              <value>
                <![CDATA[firefox]]>
              </value>
            </param>
            <param index="1">
              <value>
                <![CDATA[122.0]]>
              </value>
            </param>
          </params>
          <reporter-output>
          </reporter-output>
        </test-method> <!-- setUpDriver -->
        <test-method signature="searchResultsClickingSearchButtonUnderSearchField()[pri:0, instance:com.google.tests.N_0001_SearchResultsClickingSearchButtonUnderSearchFieldTest@67403656]" started-at="2024-02-04T14:33:33 EET" name="searchResultsClickingSearchButtonUnderSearchField" finished-at="2024-02-04T14:33:36 EET" duration-ms="2976" status="PASS">
          <reporter-output>
          </reporter-output>
        </test-method> <!-- searchResultsClickingSearchButtonUnderSearchField -->
        <test-method is-config="true" signature="tearDownDriver()[pri:0, instance:com.google.tests.N_0001_SearchResultsClickingSearchButtonUnderSearchFieldTest@67403656]" started-at="2024-02-04T14:33:36 EET" name="tearDownDriver" finished-at="2024-02-04T14:33:37 EET" duration-ms="1016" status="PASS">
          <reporter-output>
          </reporter-output>
        </test-method> <!-- tearDownDriver -->
      </class> <!-- com.google.tests.N_0001_SearchResultsClickingSearchButtonUnderSearchFieldTest -->
      <class name="com.google.tests.N_0002_SearchResultsClickingSearchButtonOnDropDownMenuTest">
        <test-method is-config="true" signature="setUpDriver(java.lang.String,java.lang.String)[pri:0, instance:com.google.tests.N_0002_SearchResultsClickingSearchButtonOnDropDownMenuTest@749ab7b4]" started-at="2024-02-04T14:33:37 EET" name="setUpDriver" finished-at="2024-02-04T14:33:41 EET" duration-ms="4060" status="PASS">
          <params>
            <param index="0">
              <value>
                <![CDATA[firefox]]>
              </value>
            </param>
            <param index="1">
              <value>
                <![CDATA[122.0]]>
              </value>
            </param>
          </params>
          <reporter-output>
          </reporter-output>
        </test-method> <!-- setUpDriver -->
        <test-method signature="searchResultsClickingSearchButtonOnDropDownMenu()[pri:0, instance:com.google.tests.N_0002_SearchResultsClickingSearchButtonOnDropDownMenuTest@749ab7b4]" started-at="2024-02-04T14:33:41 EET" name="searchResultsClickingSearchButtonOnDropDownMenu" finished-at="2024-02-04T14:33:44 EET" duration-ms="2999" status="PASS">
          <reporter-output>
          </reporter-output>
        </test-method> <!-- searchResultsClickingSearchButtonOnDropDownMenu -->
        <test-method is-config="true" signature="tearDownDriver()[pri:0, instance:com.google.tests.N_0002_SearchResultsClickingSearchButtonOnDropDownMenuTest@749ab7b4]" started-at="2024-02-04T14:33:44 EET" name="tearDownDriver" finished-at="2024-02-04T14:33:45 EET" duration-ms="806" status="PASS">
          <reporter-output>
          </reporter-output>
        </test-method> <!-- tearDownDriver -->
      </class> <!-- com.google.tests.N_0002_SearchResultsClickingSearchButtonOnDropDownMenuTest -->
      <class name="com.google.tests.N_0004_ClickSearchButtonWhenSearchFieldIsEmptyTest">
        <test-method is-config="true" signature="setUpDriver(java.lang.String,java.lang.String)[pri:0, instance:com.google.tests.N_0004_ClickSearchButtonWhenSearchFieldIsEmptyTest@2bf94401]" started-at="2024-02-04T14:33:54 EET" name="setUpDriver" finished-at="2024-02-04T14:33:58 EET" duration-ms="4062" status="PASS">
          <params>
            <param index="0">
              <value>
                <![CDATA[firefox]]>
              </value>
            </param>
            <param index="1">
              <value>
                <![CDATA[122.0]]>
              </value>
            </param>
          </params>
          <reporter-output>
          </reporter-output>
        </test-method> <!-- setUpDriver -->
        <test-method signature="clickSearchButtonWhenSearchFieldIsEmpty()[pri:0, instance:com.google.tests.N_0004_ClickSearchButtonWhenSearchFieldIsEmptyTest@2bf94401]" started-at="2024-02-04T14:33:58 EET" name="clickSearchButtonWhenSearchFieldIsEmpty" finished-at="2024-02-04T14:33:59 EET" duration-ms="1063" status="PASS">
          <reporter-output>
          </reporter-output>
        </test-method> <!-- clickSearchButtonWhenSearchFieldIsEmpty -->
        <test-method is-config="true" signature="tearDownDriver()[pri:0, instance:com.google.tests.N_0004_ClickSearchButtonWhenSearchFieldIsEmptyTest@2bf94401]" started-at="2024-02-04T14:33:59 EET" name="tearDownDriver" finished-at="2024-02-04T14:34:00 EET" duration-ms="631" status="PASS">
          <reporter-output>
          </reporter-output>
        </test-method> <!-- tearDownDriver -->
      </class> <!-- com.google.tests.N_0004_ClickSearchButtonWhenSearchFieldIsEmptyTest -->
    </test> <!--  [Firefox 122.0] -->
  </suite> <!-- Smoke Tests Run -->
</testng-results>
